#
# There is insufficient memory for the Java Runtime Environment to continue.
# Native memory allocation (mmap) failed to map 82313216 bytes for committing reserved memory.
# Possible reasons:
#   The system is out of physical RAM or swap space
#   In 32 bit mode, the process size limit was hit
# Possible solutions:
#   Reduce memory load on the system
#   Increase physical memory or swap space
#   Check if swap backing store is full
#   Use 64 bit Java on a 64 bit OS
#   Decrease Java heap size (-Xmx/-Xms)
#   Decrease number of Java threads
#   Decrease Java thread stack sizes (-Xss)
#   Set larger code cache with -XX:ReservedCodeCacheSize=
# This output file may be truncated or incomplete.
#
#  Out of Memory Error (os_linux.cpp:2640), pid=24159, tid=0x00007f8502d52700
#
# JRE version: Java(TM) SE Runtime Environment (8.0_131-b11) (build 1.8.0_131-b11)
# Java VM: Java HotSpot(TM) 64-Bit Server VM (25.131-b11 mixed mode linux-amd64 compressed oops)
# Failed to write core dump. Core dumps have been disabled. To enable core dumping, try "ulimit -c unlimited" before starting Java again
#

---------------  T H R E A D  ---------------

Current thread (0x00007f8518079000):  VMThread [stack: 0x00007f8502c52000,0x00007f8502d53000] [id=24167]

Stack: [0x00007f8502c52000,0x00007f8502d53000],  sp=0x00007f8502d51210,  free space=1020k
Native frames: (J=compiled Java code, j=interpreted, Vv=VM code, C=native code)
V  [libjvm.so+0xac826a]  VMError::report_and_die()+0x2ba
V  [libjvm.so+0x4fd4cb]  report_vm_out_of_memory(char const*, int, unsigned long, VMErrorType, char const*)+0x8b
V  [libjvm.so+0x924f53]  os::Linux::commit_memory_impl(char*, unsigned long, bool)+0x103
V  [libjvm.so+0x9254a9]  os::pd_commit_memory(char*, unsigned long, unsigned long, bool)+0x29
V  [libjvm.so+0x91f6ca]  os::commit_memory(char*, unsigned long, unsigned long, bool)+0x2a
V  [libjvm.so+0x9941e3]  PSVirtualSpace::expand_by(unsigned long)+0x53
V  [libjvm.so+0x984aa0]  PSOldGen::expand(unsigned long)+0x170
V  [libjvm.so+0x984cab]  PSOldGen::resize(unsigned long)+0x1cb
V  [libjvm.so+0x98c9b1]  PSParallelCompact::invoke_no_policy(bool)+0x991
V  [libjvm.so+0x99230d]  PSScavenge::invoke()+0x1ad
V  [libjvm.so+0x948f00]  ParallelScavengeHeap::failed_mem_allocate(unsigned long)+0x70
V  [libjvm.so+0xac9c87]  VM_ParallelGCFailedAllocation::doit()+0x97
V  [libjvm.so+0xad1765]  VM_Operation::evaluate()+0x55
V  [libjvm.so+0xacfb3a]  VMThread::evaluate_operation(VM_Operation*)+0xba
V  [libjvm.so+0xacfebe]  VMThread::loop()+0x1ce
V  [libjvm.so+0xad0330]  VMThread::run()+0x70
V  [libjvm.so+0x927568]  java_start(Thread*)+0x108

VM_Operation (0x00007f84fb176a10): ParallelGCFailedAllocation, mode: safepoint, requested by thread 0x00007f851841e000


---------------  P R O C E S S  ---------------

Java Threads: ( => current thread )
  0x00007f8518103800 JavaThread "External worker unconnected" [_thread_in_native, id=24265, stack(0x00007f84fad75000,0x00007f84fae76000)]
  0x00007f8518102000 JavaThread "External worker unconnected" [_thread_in_native, id=24264, stack(0x00007f84fae76000,0x00007f84faf77000)]
  0x00007f851841c800 JavaThread "External worker unconnected" [_thread_in_native, id=24259, stack(0x00007f84faf77000,0x00007f84fb078000)]
  0x00007f851841e000 JavaThread "In-process PermutationWorker 0" [_thread_blocked, id=24257, stack(0x00007f84fb078000,0x00007f84fb179000)]
  0x00007f851841a800 JavaThread "Thread-57" [_thread_in_native, id=24256, stack(0x00007f84fb179000,0x00007f84fb27a000)]
  0x00007f8518418800 JavaThread "Thread-56" [_thread_in_native, id=24254, stack(0x00007f84fb27a000,0x00007f84fb37b000)]
  0x00007f8518417000 JavaThread "process reaper" daemon [_thread_in_native, id=24253, stack(0x00007f84fb37b000,0x00007f84fb3b4000)]
  0x00007f85186b6800 JavaThread "Thread-54" [_thread_in_native, id=24251, stack(0x00007f84fb3b4000,0x00007f84fb4b5000)]
  0x00007f85186b4800 JavaThread "Thread-53" [_thread_in_native, id=24250, stack(0x00007f84fb4b5000,0x00007f84fb5b6000)]
  0x00007f85186b3000 JavaThread "process reaper" daemon [_thread_in_native, id=24247, stack(0x00007f84fb5b6000,0x00007f84fb5ef000)]
  0x00007f85186b1000 JavaThread "Thread-51" [_thread_in_native, id=24243, stack(0x00007f8501060000,0x00007f8501161000)]
  0x00007f85186b0800 JavaThread "Thread-50" [_thread_in_native, id=24242, stack(0x00007f850003f000,0x00007f8500140000)]
  0x00007f85186e7000 JavaThread "process reaper" daemon [_thread_in_native, id=24241, stack(0x00007f8500006000,0x00007f850003f000)]
  0x00007f85184f6000 JavaThread "Java2D Disposer" daemon [_thread_blocked, id=24208, stack(0x00007f8501e43000,0x00007f8501f44000)]
  0x00007f85183a8800 JavaThread "pool-1-thread-1" [_thread_blocked, id=24179, stack(0x00007f850136a000,0x00007f850146b000)]
  0x00007f84c4338000 JavaThread "Timer-0" daemon [_thread_blocked, id=24177, stack(0x00007f85019a3000,0x00007f8501aa4000)]
  0x00007f85180cd800 JavaThread "Service Thread" daemon [_thread_blocked, id=24174, stack(0x00007f85023cd000,0x00007f85024ce000)]
  0x00007f85180c2000 JavaThread "C1 CompilerThread2" daemon [_thread_blocked, id=24173, stack(0x00007f85024ce000,0x00007f85025cf000)]
  0x00007f85180c0800 JavaThread "C2 CompilerThread1" daemon [_thread_blocked, id=24172, stack(0x00007f85025cf000,0x00007f85026d0000)]
  0x00007f85180bd800 JavaThread "C2 CompilerThread0" daemon [_thread_blocked, id=24171, stack(0x00007f85026d0000,0x00007f85027d1000)]
  0x00007f85180bc000 JavaThread "Signal Dispatcher" daemon [_thread_blocked, id=24170, stack(0x00007f85027d1000,0x00007f85028d2000)]
  0x00007f8518085000 JavaThread "Finalizer" daemon [_thread_blocked, id=24169, stack(0x00007f8502a50000,0x00007f8502b51000)]
  0x00007f8518080800 JavaThread "Reference Handler" daemon [_thread_blocked, id=24168, stack(0x00007f8502b51000,0x00007f8502c52000)]
  0x00007f851800b000 JavaThread "main" [_thread_blocked, id=24162, stack(0x00007f851f826000,0x00007f851f927000)]

Other Threads:
=>0x00007f8518079000 VMThread [stack: 0x00007f8502c52000,0x00007f8502d53000] [id=24167]
  0x00007f85180d0800 WatcherThread [stack: 0x00007f85022cc000,0x00007f85023cd000] [id=24175]

VM state:at safepoint (normal execution)

VM Mutex/Monitor currently owned by a thread:  ([mutex/lock_event])
[0x00007f85180091e0] ExpandHeap_lock - owner thread: 0x00007f8518079000
[0x00007f8518009860] Threads_lock - owner thread: 0x00007f8518079000
[0x00007f8518009d60] Heap_lock - owner thread: 0x00007f851841e000

Heap:
 PSYoungGen      total 142848K, used 0K [0x00000000f5580000, 0x0000000100000000, 0x0000000100000000)
  eden space 132608K, 0% used [0x00000000f5580000,0x00000000f5580000,0x00000000fd700000)
  from space 10240K, 0% used [0x00000000ff500000,0x00000000ff500000,0x00000000fff00000)
  to   space 20992K, 0% used [0x00000000fd700000,0x00000000fd700000,0x00000000feb80000)
 ParOldGen       total 215552K, used 148244K [0x00000000e0000000, 0x00000000ed280000, 0x00000000f5580000)
  object space 215552K, 68% used [0x00000000e0000000,0x00000000e90c5178,0x00000000ed280000)
 Metaspace       used 32187K, capacity 33078K, committed 33280K, reserved 1079296K
  class space    used 3330K, capacity 3540K, committed 3584K, reserved 1048576K

Card table byte_map: [0x00007f851cd41000,0x00007f851ce42000] byte_map_base: 0x00007f851c641000

Marking Bits: (ParMarkBitMap*) 0x00007f851ed37f60
 Begin Bits: [0x00007f8508000000, 0x00007f8508800000)
 End Bits:   [0x00007f8508800000, 0x00007f8509000000)

Polling page: 0x00007f851f962000

CodeCache: size=245760Kb used=32421Kb max_used=33346Kb free=213338Kb
 bounds [0x00007f8509000000, 0x00007f850b0e0000, 0x00007f8518000000]
 total_blobs=9744 nmethods=9246 adapters=409
 compilation: enabled

Compilation events (10 events):
Event: 85,802 Thread 0x00007f85180c0800 nmethod 12819 0x00007f850b060cd0 code [0x00007f850b060f40, 0x00007f850b061c30]
Event: 85,802 Thread 0x00007f85180c0800 12883       4       com.google.gwt.dev.jjs.ast.JCaseStatement::traverse (32 bytes)
Event: 85,804 Thread 0x00007f85180c0800 nmethod 12883 0x00007f850af68590 code [0x00007f850af686e0, 0x00007f850af687f8]
Event: 85,804 Thread 0x00007f85180c0800 12909       4       java.lang.Integer::getChars (131 bytes)
Event: 85,806 Thread 0x00007f85180bd800 nmethod 12916 0x00007f8509430610 code [0x00007f8509430760, 0x00007f85094307d8]
Event: 85,807 Thread 0x00007f85180bd800 12933       4       com.google.gwt.dev.jjs.impl.GenerateJavaScriptLiterals::popList (41 bytes)
Event: 85,812 Thread 0x00007f85180c0800 nmethod 12909 0x00007f850af9da90 code [0x00007f850af9dbe0, 0x00007f850af9ddf8]
Event: 85,812 Thread 0x00007f85180c0800 12950       4       com.google.gwt.dev.js.ast.JsExprStmt::<init> (11 bytes)
Event: 85,812 Thread 0x00007f85180c0800 nmethod 12950 0x00007f8509fff610 code [0x00007f8509fff760, 0x00007f8509fff7d8]
Event: 85,812 Thread 0x00007f85180c0800 12996       4       com.google.gwt.dev.jjs.impl.GenerateJavaScriptAST$GenerateJavaScriptVisitor::endVisit (293 bytes)

GC Heap History (10 events):
Event: 40,366 GC heap after
Heap after GC invocations=77 (full 3):
 PSYoungGen      total 158720K, used 1232K [0x00000000f5580000, 0x00000000ffd80000, 0x0000000100000000)
  eden space 147456K, 0% used [0x00000000f5580000,0x00000000f5580000,0x00000000fe580000)
  from space 11264K, 10% used [0x00000000ff280000,0x00000000ff3b4010,0x00000000ffd80000)
  to   space 12288K, 0% used [0x00000000fe580000,0x00000000fe580000,0x00000000ff180000)
 ParOldGen       total 215552K, used 183364K [0x00000000e0000000, 0x00000000ed280000, 0x00000000f5580000)
  object space 215552K, 85% used [0x00000000e0000000,0x00000000eb311140,0x00000000ed280000)
 Metaspace       used 31471K, capacity 32380K, committed 32512K, reserved 1079296K
  class space    used 3257K, capacity 3477K, committed 3584K, reserved 1048576K
}
Event: 40,984 GC heap before
{Heap before GC invocations=78 (full 3):
 PSYoungGen      total 158720K, used 148688K [0x00000000f5580000, 0x00000000ffd80000, 0x0000000100000000)
  eden space 147456K, 100% used [0x00000000f5580000,0x00000000fe580000,0x00000000fe580000)
  from space 11264K, 10% used [0x00000000ff280000,0x00000000ff3b4010,0x00000000ffd80000)
  to   space 12288K, 0% used [0x00000000fe580000,0x00000000fe580000,0x00000000ff180000)
 ParOldGen       total 215552K, used 183364K [0x00000000e0000000, 0x00000000ed280000, 0x00000000f5580000)
  object space 215552K, 85% used [0x00000000e0000000,0x00000000eb311140,0x00000000ed280000)
 Metaspace       used 31474K, capacity 32380K, committed 32512K, reserved 1079296K
  class space    used 3257K, capacity 3477K, committed 3584K, reserved 1048576K
Event: 40,995 GC heap after
Heap after GC invocations=78 (full 3):
 PSYoungGen      total 159744K, used 1200K [0x00000000f5580000, 0x0000000100000000, 0x0000000100000000)
  eden space 147456K, 0% used [0x00000000f5580000,0x00000000f5580000,0x00000000fe580000)
  from space 12288K, 9% used [0x00000000fe580000,0x00000000fe6ac050,0x00000000ff180000)
  to   space 11776K, 0% used [0x00000000ff480000,0x00000000ff480000,0x0000000100000000)
 ParOldGen       total 215552K, used 183388K [0x00000000e0000000, 0x00000000ed280000, 0x00000000f5580000)
  object space 215552K, 85% used [0x00000000e0000000,0x00000000eb317140,0x00000000ed280000)
 Metaspace       used 31474K, capacity 32380K, committed 32512K, reserved 1079296K
  class space    used 3257K, capacity 3477K, committed 3584K, reserved 1048576K
}
Event: 41,611 GC heap before
{Heap before GC invocations=79 (full 3):
 PSYoungGen      total 159744K, used 148656K [0x00000000f5580000, 0x0000000100000000, 0x0000000100000000)
  eden space 147456K, 100% used [0x00000000f5580000,0x00000000fe580000,0x00000000fe580000)
  from space 12288K, 9% used [0x00000000fe580000,0x00000000fe6ac050,0x00000000ff180000)
  to   space 11776K, 0% used [0x00000000ff480000,0x00000000ff480000,0x0000000100000000)
 ParOldGen       total 215552K, used 183388K [0x00000000e0000000, 0x00000000ed280000, 0x00000000f5580000)
  object space 215552K, 85% used [0x00000000e0000000,0x00000000eb317140,0x00000000ed280000)
 Metaspace       used 31474K, capacity 32380K, committed 32512K, reserved 1079296K
  class space    used 3257K, capacity 3477K, committed 3584K, reserved 1048576K
Event: 41,625 GC heap after
Heap after GC invocations=79 (full 3):
 PSYoungGen      total 160768K, used 1200K [0x00000000f5580000, 0x00000000ffe80000, 0x0000000100000000)
  eden space 150528K, 0% used [0x00000000f5580000,0x00000000f5580000,0x00000000fe880000)
  from space 10240K, 11% used [0x00000000ff480000,0x00000000ff5ac050,0x00000000ffe80000)
  to   space 11264K, 0% used [0x00000000fe880000,0x00000000fe880000,0x00000000ff380000)
 ParOldGen       total 215552K, used 183412K [0x00000000e0000000, 0x00000000ed280000, 0x00000000f5580000)
  object space 215552K, 85% used [0x00000000e0000000,0x00000000eb31d140,0x00000000ed280000)
 Metaspace       used 31474K, capacity 32380K, committed 32512K, reserved 1079296K
  class space    used 3257K, capacity 3477K, committed 3584K, reserved 1048576K
}
Event: 57,262 GC heap before
{Heap before GC invocations=80 (full 3):
 PSYoungGen      total 160768K, used 151728K [0x00000000f5580000, 0x00000000ffe80000, 0x0000000100000000)
  eden space 150528K, 100% used [0x00000000f5580000,0x00000000fe880000,0x00000000fe880000)
  from space 10240K, 11% used [0x00000000ff480000,0x00000000ff5ac050,0x00000000ffe80000)
  to   space 11264K, 0% used [0x00000000fe880000,0x00000000fe880000,0x00000000ff380000)
 ParOldGen       total 215552K, used 183412K [0x00000000e0000000, 0x00000000ed280000, 0x00000000f5580000)
  object space 215552K, 85% used [0x00000000e0000000,0x00000000eb31d140,0x00000000ed280000)
 Metaspace       used 31817K, capacity 32764K, committed 33024K, reserved 1079296K
  class space    used 3306K, capacity 3541K, committed 3584K, reserved 1048576K
Event: 57,399 GC heap after
Heap after GC invocations=80 (full 3):
 PSYoungGen      total 161792K, used 2393K [0x00000000f5580000, 0x00000000fff00000, 0x0000000100000000)
  eden space 150528K, 0% used [0x00000000f5580000,0x00000000f5580000,0x00000000fe880000)
  from space 11264K, 21% used [0x00000000fe880000,0x00000000fead6580,0x00000000ff380000)
  to   space 10240K, 0% used [0x00000000ff500000,0x00000000ff500000,0x00000000fff00000)
 ParOldGen       total 215552K, used 183428K [0x00000000e0000000, 0x00000000ed280000, 0x00000000f5580000)
  object space 215552K, 85% used [0x00000000e0000000,0x00000000eb321140,0x00000000ed280000)
 Metaspace       used 31817K, capacity 32764K, committed 33024K, reserved 1079296K
  class space    used 3306K, capacity 3541K, committed 3584K, reserved 1048576K
}
Event: 85,824 GC heap before
{Heap before GC invocations=81 (full 3):
 PSYoungGen      total 161792K, used 152921K [0x00000000f5580000, 0x00000000fff00000, 0x0000000100000000)
  eden space 150528K, 100% used [0x00000000f5580000,0x00000000fe880000,0x00000000fe880000)
  from space 11264K, 21% used [0x00000000fe880000,0x00000000fead6580,0x00000000ff380000)
  to   space 10240K, 0% used [0x00000000ff500000,0x00000000ff500000,0x00000000fff00000)
 ParOldGen       total 215552K, used 183428K [0x00000000e0000000, 0x00000000ed280000, 0x00000000f5580000)
  object space 215552K, 85% used [0x00000000e0000000,0x00000000eb321140,0x00000000ed280000)
 Metaspace       used 32191K, capacity 33084K, committed 33280K, reserved 1079296K
  class space    used 3331K, capacity 3541K, committed 3584K, reserved 1048576K
Event: 87,171 GC heap after
Heap after GC invocations=81 (full 3):
 PSYoungGen      total 142848K, used 10223K [0x00000000f5580000, 0x0000000100000000, 0x0000000100000000)
  eden space 132608K, 0% used [0x00000000f5580000,0x00000000f5580000,0x00000000fd700000)
  from space 10240K, 99% used [0x00000000ff500000,0x00000000ffefbdc8,0x00000000fff00000)
  to   space 20992K, 0% used [0x00000000fd700000,0x00000000fd700000,0x00000000feb80000)
 ParOldGen       total 215552K, used 206207K [0x00000000e0000000, 0x00000000ed280000, 0x00000000f5580000)
  object space 215552K, 95% used [0x00000000e0000000,0x00000000ec95fd90,0x00000000ed280000)
 Metaspace       used 32191K, capacity 33084K, committed 33280K, reserved 1079296K
  class space    used 3331K, capacity 3541K, committed 3584K, reserved 1048576K
}
Event: 87,979 GC heap before
{Heap before GC invocations=82 (full 4):
 PSYoungGen      total 142848K, used 10223K [0x00000000f5580000, 0x0000000100000000, 0x0000000100000000)
  eden space 132608K, 0% used [0x00000000f5580000,0x00000000f5580000,0x00000000fd700000)
  from space 10240K, 99% used [0x00000000ff500000,0x00000000ffefbdc8,0x00000000fff00000)
  to   space 20992K, 0% used [0x00000000fd700000,0x00000000fd700000,0x00000000feb80000)
 ParOldGen       total 215552K, used 206207K [0x00000000e0000000, 0x00000000ed280000, 0x00000000f5580000)
  object space 215552K, 95% used [0x00000000e0000000,0x00000000ec95fd90,0x00000000ed280000)
 Metaspace       used 32191K, capacity 33084K, committed 33280K, reserved 1079296K
  class space    used 3331K, capacity 3541K, committed 3584K, reserved 1048576K

Deoptimization events (10 events):
Event: 67,631 Thread 0x00007f851841e000 Uncommon trap: reason=bimorphic action=maybe_recompile pc=0x00007f850a2a8878 method=com.google.gwt.dev.js.ast.JsVars$JsVar.traverse(Lcom/google/gwt/dev/js/ast/JsVisitor;Lcom/google/gwt/dev/js/ast/JsContext;)V @ 3
Event: 67,631 Thread 0x00007f851841e000 Uncommon trap: reason=bimorphic action=maybe_recompile pc=0x00007f8509604780 method=com.google.gwt.dev.js.ast.JsStringLiteral.traverse(Lcom/google/gwt/dev/js/ast/JsVisitor;Lcom/google/gwt/dev/js/ast/JsContext;)V @ 3
Event: 67,631 Thread 0x00007f851841e000 Uncommon trap: reason=bimorphic action=maybe_recompile pc=0x00007f850a9b468c method=com.google.gwt.dev.js.ast.JsNumberLiteral.traverse(Lcom/google/gwt/dev/js/ast/JsVisitor;Lcom/google/gwt/dev/js/ast/JsContext;)V @ 3
Event: 67,631 Thread 0x00007f851841e000 Uncommon trap: reason=bimorphic action=maybe_recompile pc=0x00007f850a9b468c method=com.google.gwt.dev.js.ast.JsNumberLiteral.traverse(Lcom/google/gwt/dev/js/ast/JsVisitor;Lcom/google/gwt/dev/js/ast/JsContext;)V @ 3
Event: 67,631 Thread 0x00007f851841e000 Uncommon trap: reason=bimorphic action=maybe_recompile pc=0x00007f8509604780 method=com.google.gwt.dev.js.ast.JsStringLiteral.traverse(Lcom/google/gwt/dev/js/ast/JsVisitor;Lcom/google/gwt/dev/js/ast/JsContext;)V @ 3
Event: 67,631 Thread 0x00007f851841e000 Uncommon trap: reason=bimorphic action=maybe_recompile pc=0x00007f850a9b468c method=com.google.gwt.dev.js.ast.JsNumberLiteral.traverse(Lcom/google/gwt/dev/js/ast/JsVisitor;Lcom/google/gwt/dev/js/ast/JsContext;)V @ 3
Event: 67,631 Thread 0x00007f851841e000 Uncommon trap: reason=bimorphic action=maybe_recompile pc=0x00007f850a9b468c method=com.google.gwt.dev.js.ast.JsNumberLiteral.traverse(Lcom/google/gwt/dev/js/ast/JsVisitor;Lcom/google/gwt/dev/js/ast/JsContext;)V @ 3
Event: 67,729 Thread 0x00007f851841e000 Uncommon trap: reason=class_check action=maybe_recompile pc=0x00007f850aec1dd4 method=com.google.gwt.dev.js.ast.JsArrayLiteral.traverse(Lcom/google/gwt/dev/js/ast/JsVisitor;Lcom/google/gwt/dev/js/ast/JsContext;)V @ 3
Event: 67,730 Thread 0x00007f851841e000 Uncommon trap: reason=class_check action=maybe_recompile pc=0x00007f850aec1dd4 method=com.google.gwt.dev.js.ast.JsArrayLiteral.traverse(Lcom/google/gwt/dev/js/ast/JsVisitor;Lcom/google/gwt/dev/js/ast/JsContext;)V @ 3
Event: 85,062 Thread 0x00007f851841e000 Uncommon trap: reason=speculate_class_check action=maybe_recompile pc=0x00007f850af16214 method=com.google.gwt.dev.js.ast.JsVisitor.accept(Lcom/google/gwt/dev/js/ast/JsVisitable;)Lcom/google/gwt/dev/js/ast/JsVisitable; @ 2

Internal exceptions (10 events):
Event: 33,180 Thread 0x00007f8518102000 Exception <a 'java/lang/NoSuchMethodError': <clinit>> (0x00000000f75909a8) thrown at [/HUDSON/workspace/8-2-build-linux-amd64/jdk8u131/8869/hotspot/src/share/vm/prims/jni.cpp, line 1613]
Event: 33,180 Thread 0x00007f8518102000 Exception <a 'java/lang/NoSuchMethodError': <clinit>> (0x00000000f7594298) thrown at [/HUDSON/workspace/8-2-build-linux-amd64/jdk8u131/8869/hotspot/src/share/vm/prims/jni.cpp, line 1613]
Event: 33,180 Thread 0x00007f8518102000 Exception <a 'java/lang/NoSuchMethodError': <clinit>> (0x00000000f75967a8) thrown at [/HUDSON/workspace/8-2-build-linux-amd64/jdk8u131/8869/hotspot/src/share/vm/prims/jni.cpp, line 1613]
Event: 33,180 Thread 0x00007f8518102000 Exception <a 'java/lang/NoSuchMethodError': <clinit>> (0x00000000f75a1058) thrown at [/HUDSON/workspace/8-2-build-linux-amd64/jdk8u131/8869/hotspot/src/share/vm/prims/jni.cpp, line 1613]
Event: 33,181 Thread 0x00007f8518102000 Exception <a 'java/lang/NoSuchMethodError': <clinit>> (0x00000000f75aa9f0) thrown at [/HUDSON/workspace/8-2-build-linux-amd64/jdk8u131/8869/hotspot/src/share/vm/prims/jni.cpp, line 1613]
Event: 33,181 Thread 0x00007f8518102000 Exception <a 'java/lang/NoSuchMethodError': <clinit>> (0x00000000f75b3860) thrown at [/HUDSON/workspace/8-2-build-linux-amd64/jdk8u131/8869/hotspot/src/share/vm/prims/jni.cpp, line 1613]
Event: 33,182 Thread 0x00007f8518102000 Exception <a 'java/lang/NoSuchMethodError': <clinit>> (0x00000000f75bd3b8) thrown at [/HUDSON/workspace/8-2-build-linux-amd64/jdk8u131/8869/hotspot/src/share/vm/prims/jni.cpp, line 1613]
Event: 33,203 Thread 0x00007f851841c800 Exception <a 'java/lang/NoSuchMethodError': <clinit>> (0x00000000f78c9ca8) thrown at [/HUDSON/workspace/8-2-build-linux-amd64/jdk8u131/8869/hotspot/src/share/vm/prims/jni.cpp, line 1613]
Event: 33,204 Thread 0x00007f851841c800 Exception <a 'java/lang/NoSuchMethodError': <clinit>> (0x00000000f78d62f8) thrown at [/HUDSON/workspace/8-2-build-linux-amd64/jdk8u131/8869/hotspot/src/share/vm/prims/jni.cpp, line 1613]
Event: 57,701 Thread 0x00007f851841e000 Implicit null exception at 0x00007f850aaea090 to 0x00007f850aaea0cd

Events (10 events):
Event: 67,834 loading class com/google/gwt/lang/LongLib
Event: 67,850 loading class com/google/gwt/lang/LongLib done
Event: 68,814 loading class com/google/gwt/lang/LongLibBase
Event: 68,843 loading class com/google/gwt/lang/LongLibBase done
Event: 77,536 loading class com/google/gwt/lang/LongLibBase$LongEmul
Event: 77,588 loading class com/google/gwt/lang/LongLibBase$LongEmul done
Event: 85,062 Thread 0x00007f851841e000 Uncommon trap: trap_request=0xffffff76 fr.pc=0x00007f850af16214
Event: 85,062 Thread 0x00007f851841e000 DEOPT PACKING pc=0x00007f850af16214 sp=0x00007f84fb1764a0
Event: 85,062 Thread 0x00007f851841e000 DEOPT UNPACKING pc=0x00007f8509004f69 sp=0x00007f84fb176400 mode 2
Event: 85,819 Executing VM operation: ParallelGCFailedAllocation


Dynamic libraries:
00400000-00401000 r-xp 00000000 08:23 36870                              /opt/jdk1.8.0_131/jre/bin/java
00600000-00601000 rw-p 00000000 08:23 36870                              /opt/jdk1.8.0_131/jre/bin/java
01be4000-01c05000 rw-p 00000000 00:00 0                                  [heap]
e0000000-ed280000 rw-p 00000000 00:00 0 
f2100000-f5580000 ---p 00000000 00:00 0 
f5580000-100000000 rw-p 00000000 00:00 0 
100000000-100380000 rw-p 00000000 00:00 0 
100380000-140000000 ---p 00000000 00:00 0 
7f848c000000-7f848c021000 rw-p 00000000 00:00 0 
7f848c021000-7f8490000000 ---p 00000000 00:00 0 
7f8490000000-7f8490021000 rw-p 00000000 00:00 0 
7f8490021000-7f8494000000 ---p 00000000 00:00 0 
7f8494000000-7f849404f000 rw-p 00000000 00:00 0 
7f849404f000-7f8498000000 ---p 00000000 00:00 0 
7f8498000000-7f8498021000 rw-p 00000000 00:00 0 
7f8498021000-7f849c000000 ---p 00000000 00:00 0 
7f849c000000-7f849c021000 rw-p 00000000 00:00 0 
7f849c021000-7f84a0000000 ---p 00000000 00:00 0 
7f84a0000000-7f84a0021000 rw-p 00000000 00:00 0 
7f84a0021000-7f84a4000000 ---p 00000000 00:00 0 
7f84a4000000-7f84a4021000 rw-p 00000000 00:00 0 
7f84a4021000-7f84a8000000 ---p 00000000 00:00 0 
7f84a8000000-7f84a8021000 rw-p 00000000 00:00 0 
7f84a8021000-7f84ac000000 ---p 00000000 00:00 0 
7f84ac000000-7f84ac021000 rw-p 00000000 00:00 0 
7f84ac021000-7f84b0000000 ---p 00000000 00:00 0 
7f84b0000000-7f84b0021000 rw-p 00000000 00:00 0 
7f84b0021000-7f84b4000000 ---p 00000000 00:00 0 
7f84b4000000-7f84b4021000 rw-p 00000000 00:00 0 
7f84b4021000-7f84b8000000 ---p 00000000 00:00 0 
7f84b8000000-7f84b8021000 rw-p 00000000 00:00 0 
7f84b8021000-7f84bc000000 ---p 00000000 00:00 0 
7f84bc000000-7f84bc0ab000 rw-p 00000000 00:00 0 
7f84bc0ab000-7f84c0000000 ---p 00000000 00:00 0 
7f84c0000000-7f84c0061000 rw-p 00000000 00:00 0 
7f84c0061000-7f84c4000000 ---p 00000000 00:00 0 
7f84c4000000-7f84c4528000 rw-p 00000000 00:00 0 
7f84c4528000-7f84c8000000 ---p 00000000 00:00 0 
7f84c8000000-7f84c8021000 rw-p 00000000 00:00 0 
7f84c8021000-7f84cc000000 ---p 00000000 00:00 0 
7f84cc000000-7f84cc021000 rw-p 00000000 00:00 0 
7f84cc021000-7f84d0000000 ---p 00000000 00:00 0 
7f84d0000000-7f84d0021000 rw-p 00000000 00:00 0 
7f84d0021000-7f84d4000000 ---p 00000000 00:00 0 
7f84d4000000-7f84d5ecb000 rw-p 00000000 00:00 0 
7f84d5ecb000-7f84d8000000 ---p 00000000 00:00 0 
7f84d8000000-7f84d8fde000 rw-p 00000000 00:00 0 
7f84d8fde000-7f84dc000000 ---p 00000000 00:00 0 
7f84dc000000-7f84dc021000 rw-p 00000000 00:00 0 
7f84dc021000-7f84e0000000 ---p 00000000 00:00 0 
7f84e0000000-7f84e1504000 rw-p 00000000 00:00 0 
7f84e1504000-7f84e4000000 ---p 00000000 00:00 0 
7f84e4000000-7f84e4021000 rw-p 00000000 00:00 0 
7f84e4021000-7f84e8000000 ---p 00000000 00:00 0 
7f84e8000000-7f84e8021000 rw-p 00000000 00:00 0 
7f84e8021000-7f84ec000000 ---p 00000000 00:00 0 
7f84ec000000-7f84ec021000 rw-p 00000000 00:00 0 
7f84ec021000-7f84f0000000 ---p 00000000 00:00 0 
7f84f0000000-7f84f0340000 rw-p 00000000 00:00 0 
7f84f0340000-7f84f4000000 ---p 00000000 00:00 0 
7f84f4000000-7f84f4021000 rw-p 00000000 00:00 0 
7f84f4021000-7f84f8000000 ---p 00000000 00:00 0 
7f84fab75000-7f84fac75000 rw-p 00000000 00:00 0 
7f84fac75000-7f84fad75000 ---p 00000000 00:00 0 
7f84fad75000-7f84fad78000 ---p 00000000 00:00 0 
7f84fad78000-7f84fae76000 rw-p 00000000 00:00 0 
7f84fae76000-7f84fae79000 ---p 00000000 00:00 0 
7f84fae79000-7f84faf77000 rw-p 00000000 00:00 0 
7f84faf77000-7f84faf7a000 ---p 00000000 00:00 0 
7f84faf7a000-7f84fb078000 rw-p 00000000 00:00 0 
7f84fb078000-7f84fb07b000 ---p 00000000 00:00 0 
7f84fb07b000-7f84fb179000 rw-p 00000000 00:00 0 
7f84fb179000-7f84fb17c000 ---p 00000000 00:00 0 
7f84fb17c000-7f84fb27a000 rw-p 00000000 00:00 0 
7f84fb27a000-7f84fb27d000 ---p 00000000 00:00 0 
7f84fb27d000-7f84fb37b000 rw-p 00000000 00:00 0 
7f84fb37b000-7f84fb37e000 ---p 00000000 00:00 0 
7f84fb37e000-7f84fb3b4000 rw-p 00000000 00:00 0 
7f84fb3b4000-7f84fb3b7000 ---p 00000000 00:00 0 
7f84fb3b7000-7f84fb4b5000 rw-p 00000000 00:00 0 
7f84fb4b5000-7f84fb4b8000 ---p 00000000 00:00 0 
7f84fb4b8000-7f84fb5b6000 rw-p 00000000 00:00 0 
7f84fb5b6000-7f84fb5b9000 ---p 00000000 00:00 0 
7f84fb5b9000-7f84fb7ef000 rw-p 00000000 00:00 0 
7f84fb7ef000-7f84fb800000 r-xp 00000000 08:23 37108                      /opt/jdk1.8.0_131/jre/lib/amd64/libnio.so
7f84fb800000-7f84fb9ff000 ---p 00011000 08:23 37108                      /opt/jdk1.8.0_131/jre/lib/amd64/libnio.so
7f84fb9ff000-7f84fba00000 rw-p 00010000 08:23 37108                      /opt/jdk1.8.0_131/jre/lib/amd64/libnio.so
7f84fba00000-7f84fbc00000 rw-p 00000000 00:00 0 
7f84fbc00000-7f84fbe00000 rw-p 00000000 00:00 0 
7f84fbe00000-7f84fc000000 rw-p 00000000 00:00 0 
7f84fc000000-7f84fc021000 rw-p 00000000 00:00 0 
7f84fc021000-7f8500000000 ---p 00000000 00:00 0 
7f8500006000-7f8500009000 ---p 00000000 00:00 0 
7f8500009000-7f850003f000 rw-p 00000000 00:00 0 
7f850003f000-7f8500042000 ---p 00000000 00:00 0 
7f8500042000-7f8500340000 rw-p 00000000 00:00 0 
7f8500340000-7f8500540000 rw-p 00000000 00:00 0 
7f8500540000-7f8500553000 r--s 00345000 08:23 36973                      /opt/jdk1.8.0_131/jre/lib/resources.jar
7f8500553000-7f8500753000 rw-p 00000000 00:00 0 
7f8500753000-7f8500953000 rw-p 00000000 00:00 0 
7f8500953000-7f8500b53000 rw-p 00000000 00:00 0 
7f8500b53000-7f8500b82000 r--p 00000000 08:22 1341051                    /usr/share/locale/ru/LC_MESSAGES/libc.mo
7f8500b82000-7f8500b87000 r--s 002f9000 08:23 36936                      /opt/jdk1.8.0_131/jre/lib/charsets.jar
7f8500b87000-7f8500b8e000 r-xp 00000000 08:23 37116                      /opt/jdk1.8.0_131/jre/lib/amd64/libawt_headless.so
7f8500b8e000-7f8500d8d000 ---p 00007000 08:23 37116                      /opt/jdk1.8.0_131/jre/lib/amd64/libawt_headless.so
7f8500d8d000-7f8500d8e000 rw-p 00006000 08:23 37116                      /opt/jdk1.8.0_131/jre/lib/amd64/libawt_headless.so
7f8500d8e000-7f8500e30000 r-xp 00000000 08:23 37098                      /opt/jdk1.8.0_131/jre/lib/amd64/libawt.so
7f8500e30000-7f8501030000 ---p 000a2000 08:23 37098                      /opt/jdk1.8.0_131/jre/lib/amd64/libawt.so
7f8501030000-7f850103c000 rw-p 000a2000 08:23 37098                      /opt/jdk1.8.0_131/jre/lib/amd64/libawt.so
7f850103c000-7f8501060000 rw-p 00000000 00:00 0 
7f8501060000-7f8501063000 ---p 00000000 00:00 0 
7f8501063000-7f8501161000 rw-p 00000000 00:00 0 
7f8501161000-7f850116a000 r-xp 00000000 08:23 37113                      /opt/jdk1.8.0_131/jre/lib/amd64/libmanagement.so
7f850116a000-7f8501369000 ---p 00009000 08:23 37113                      /opt/jdk1.8.0_131/jre/lib/amd64/libmanagement.so
7f8501369000-7f850136a000 rw-p 00008000 08:23 37113                      /opt/jdk1.8.0_131/jre/lib/amd64/libmanagement.so
7f850136a000-7f850136d000 ---p 00000000 00:00 0 
7f850136d000-7f850146b000 rw-p 00000000 00:00 0 
7f850146b000-7f8501470000 r--s 0009a000 08:23 36985                      /opt/jdk1.8.0_131/jre/lib/jsse.jar
7f8501470000-7f8501471000 r--s 0000a000 08:23 36990                      /opt/jdk1.8.0_131/jre/lib/ext/jaccess.jar
7f8501471000-7f8501477000 r--s 0003f000 08:23 36996                      /opt/jdk1.8.0_131/jre/lib/ext/sunjce_provider.jar
7f8501477000-7f850147b000 r--s 0003a000 08:23 36993                      /opt/jdk1.8.0_131/jre/lib/ext/sunpkcs11.jar
7f850147b000-7f8501496000 r--s 001d3000 08:23 36991                      /opt/jdk1.8.0_131/jre/lib/ext/nashorn.jar
7f8501496000-7f850152c000 r--s 0110d000 08:23 36989                      /opt/jdk1.8.0_131/jre/lib/ext/jfxrt.jar
7f850152c000-7f850152d000 r--s 00010000 08:23 36992                      /opt/jdk1.8.0_131/jre/lib/ext/zipfs.jar
7f850152d000-7f850152f000 r--s 00009000 08:23 36986                      /opt/jdk1.8.0_131/jre/lib/ext/sunec.jar
7f850152f000-7f8501531000 r--s 00001000 08:23 36987                      /opt/jdk1.8.0_131/jre/lib/ext/dnsns.jar
7f8501531000-7f8501731000 rw-p 00000000 00:00 0 
7f8501731000-7f8501766000 r--s 00000000 00:14 17342                      /run/nscd/dbpDFlYy (deleted)
7f8501766000-7f850177c000 r-xp 00000000 08:23 37105                      /opt/jdk1.8.0_131/jre/lib/amd64/libnet.so
7f850177c000-7f850197c000 ---p 00016000 08:23 37105                      /opt/jdk1.8.0_131/jre/lib/amd64/libnet.so
7f850197c000-7f850197d000 rw-p 00016000 08:23 37105                      /opt/jdk1.8.0_131/jre/lib/amd64/libnet.so
7f850197d000-7f8501987000 r--s 00116000 08:23 36995                      /opt/jdk1.8.0_131/jre/lib/ext/localedata.jar
7f8501987000-7f85019a3000 r--s 00393000 08:23 36988                      /opt/jdk1.8.0_131/jre/lib/ext/cldrdata.jar
7f85019a3000-7f85019a6000 ---p 00000000 00:00 0 
7f85019a6000-7f8501aa4000 rw-p 00000000 00:00 0 
7f8501aa4000-7f8501aa5000 r--s 00001000 08:25 5748615                    /pub3/samsonov/RB/Unic/git/BarsGL_Online/barsgl/tasks/tasks-gwt-client/target/tasks-gwt-client-3.0.18-SNAPSHOT-sources.jar
7f8501aa5000-7f8501aa7000 r--s 00003000 08:25 5749891                    /pub3/samsonov/RB/Unic/git/BarsGL_Online/barsgl/security/security-gwt-client/target/security-gwt-client-3.0.18-SNAPSHOT-sources.jar
7f8501aa7000-7f8501aa8000 r--s 00001000 08:25 5749976                    /pub3/samsonov/RB/Unic/git/BarsGL_Online/barsgl/grid/grid-gwt-client/target/grid-gwt-client-3.0.18-SNAPSHOT-sources.jar
7f8501aa8000-7f8501aaa000 r--s 00004000 08:25 5750005                    /pub3/samsonov/RB/Unic/git/BarsGL_Online/barsgl/barsgl-gwt/barsgl-gwt-server/target/barsgl-gwt-server-3.0.18-SNAPSHOT-sources.jar
7f8501aaa000-7f8501aac000 r--s 00000000 08:25 5749973                    /pub3/samsonov/RB/Unic/git/BarsGL_Online/barsgl/tasks/tasks-gwt-server/target/tasks-gwt-server-3.0.18-SNAPSHOT-sources.jar
7f8501aac000-7f8501aad000 r--s 00001000 08:25 5749430                    /pub3/samsonov/RB/Unic/git/BarsGL_Online/barsgl/grid/grid-gwt-server/target/grid-gwt-server-3.0.18-SNAPSHOT-sources.jar
7f8501aad000-7f8501aaf000 r--s 00001000 08:25 5749321                    /pub3/samsonov/RB/Unic/git/BarsGL_Online/barsgl/security/security-gwt-server/target/security-gwt-server-3.0.18-SNAPSHOT-sources.jar
7f8501aaf000-7f8501ab4000 r--s 0001d000 08:25 5749272                    /pub3/samsonov/RB/Unic/git/BarsGL_Online/barsgl/barsgl-gwt/barsgl-gwt-core/target/barsgl-gwt-core-3.0.18-SNAPSHOT-sources.jar
7f8501ab4000-7f8501ab8000 r--s 0000b000 08:25 5748842                    /pub3/samsonov/RB/Unic/git/BarsGL_Online/barsgl/barsgl-shared/target/barsgl-shared-3.0.18-SNAPSHOT-sources.jar
7f8501ab8000-7f8501aba000 r--s 00001000 08:25 5753758                    /pub3/samsonov/RB/Unic/git/BarsGL_Online/barsgl/rbt-shared/target/rbt-shared-1.0.0-sources.jar
7f8501aba000-7f8501abb000 r--s 00003000 08:25 5748841                    /pub3/samsonov/RB/Unic/git/BarsGL_Online/barsgl/rbt-shared/target/rbt-shared-1.0.0.jar
7f8501abb000-7f8501abc000 r--s 00001000 08:25 5749972                    /pub3/samsonov/RB/Unic/git/BarsGL_Online/barsgl/tasks/tasks-gwt-server/target/tasks-gwt-server-3.0.18-SNAPSHOT.jar
7f8501abc000-7f8501abe000 r--s 00006000 08:25 5748614                    /pub3/samsonov/RB/Unic/git/BarsGL_Online/barsgl/tasks/tasks-gwt-client/target/tasks-gwt-client-3.0.18-SNAPSHOT.jar
7f8501abe000-7f8501abf000 r--s 00002000 08:25 5749358                    /pub3/samsonov/RB/Unic/git/BarsGL_Online/barsgl/grid/grid-gwt-server/target/grid-gwt-server-3.0.18-SNAPSHOT.jar
7f8501abf000-7f8501ac1000 r--s 00002000 08:25 5749975                    /pub3/samsonov/RB/Unic/git/BarsGL_Online/barsgl/grid/grid-gwt-client/target/grid-gwt-client-3.0.18-SNAPSHOT.jar
7f8501ac1000-7f8501ac3000 r--s 00008000 08:25 5749890                    /pub3/samsonov/RB/Unic/git/BarsGL_Online/barsgl/security/security-gwt-client/target/security-gwt-client-3.0.18-SNAPSHOT.jar
7f8501ac3000-7f8501ac7000 r--s 00015000 08:05 11054846                   /pub/users/samsonov/.m2/repository/com/github/virtuald/curvesapi/1.04/curvesapi-1.04.jar
7f8501ac7000-7f8501ac9000 r--s 00005000 08:05 11536278                   /pub/users/samsonov/.m2/repository/stax/stax-api/1.0.1/stax-api-1.0.1.jar
7f8501ac9000-7f8501b07000 r--s 0025d000 08:05 12066831                   /pub/users/samsonov/.m2/repository/org/apache/xmlbeans/xmlbeans/2.6.0/xmlbeans-2.6.0.jar
7f8501b07000-7f8501bc1000 r--s 004dd000 08:05 11156512                   /pub/users/samsonov/.m2/repository/org/apache/poi/poi-ooxml-schemas/3.15/poi-ooxml-schemas-3.15.jar
7f8501bc1000-7f8501bd2000 r--s 00136000 08:05 11156510                   /pub/users/samsonov/.m2/repository/org/apache/poi/poi-ooxml/3.15/poi-ooxml-3.15.jar
7f8501bd2000-7f8501be2000 r--s 000a8000 08:05 11156508                   /pub/users/samsonov/.m2/repository/org/apache/commons/commons-collections4/4.1/commons-collections4-4.1.jar
7f8501be2000-7f8501c0c000 r--s 0024c000 08:05 11156506                   /pub/users/samsonov/.m2/repository/org/apache/poi/poi/3.15/poi-3.15.jar
7f8501c0c000-7f8501c10000 r--s 0002f000 08:05 11156136                   /pub/users/samsonov/.m2/repository/commons-io/commons-io/2.5/commons-io-2.5.jar
7f8501c10000-7f8501c13000 r--s 0000f000 08:05 10232572                   /pub/users/samsonov/.m2/repository/commons-fileupload/commons-fileupload/1.3.2/commons-fileupload-1.3.2.jar
7f8501c13000-7f8501c35000 r--s 00120000 08:05 11804017                   /pub/users/samsonov/.m2/repository/javax/javaee-web-api/7.0/javaee-web-api-7.0.jar
7f8501c35000-7f8501c36000 r--s 00002000 08:25 5748950                    /pub3/samsonov/RB/Unic/git/BarsGL_Online/barsgl/tasks/tasks-ejb/target/tasks-ejb-3.0.18-SNAPSHOT.jar
7f8501c36000-7f8501c38000 r--s 00003000 08:25 5749308                    /pub3/samsonov/RB/Unic/git/BarsGL_Online/barsgl/security/security-gwt-server/target/security-gwt-server-3.0.18-SNAPSHOT.jar
7f8501c38000-7f8501c3a000 r--s 00009000 08:25 5749055                    /pub3/samsonov/RB/Unic/git/BarsGL_Online/barsgl/security/security-ejb/target/security-ejb-3.0.18-SNAPSHOT.jar
7f8501c3a000-7f8501c3c000 r--s 00004000 08:25 5749168                    /pub3/samsonov/RB/Unic/git/BarsGL_Online/barsgl/barsgl-ejbparent/barsgl-ejb-common/target/barsgl-ejb-common-3.0.18-SNAPSHOT.jar
7f8501c3c000-7f8501c3f000 r--s 0002e000 08:05 11159153                   /pub/users/samsonov/.m2/repository/org/apache/tomcat/tomcat-servlet-api/7.0.52/tomcat-servlet-api-7.0.52.jar
7f8501c3f000-7f8501c67000 r--s 002f8000 08:25 5753703                    /pub3/samsonov/RB/Unic/git/BarsGL_Online/barsgl/barsgl-ejbparent/barsgl-ejbtest/lib/jmslib/com.ibm.mq.jmqi.jar
7f8501c67000-7f8501c8d000 r--s 003a4000 08:25 5731424                    /pub3/samsonov/RB/Unic/git/BarsGL_Online/barsgl/barsgl-ejbparent/barsgl-ejbtest/lib/jmslib/com.ibm.mqjms.jar
7f8501c8d000-7f8501cc0000 r--s 00447000 08:25 5749342                    /pub3/samsonov/RB/Unic/git/BarsGL_Online/barsgl/barsgl-ejbparent/barsgl-ejbtest/lib/jt400-8.6.jar
7f8501cc0000-7f8501cc1000 r--s 00000000 08:05 10226534                   /pub/users/samsonov/.m2/repository/ru/rb/cfg/cfg-db/1.0.6/cfg-db-1.0.6.jar
7f8501cc1000-7f8501cc3000 r--s 00001000 08:05 10226532                   /pub/users/samsonov/.m2/repository/ru/rb/cfg/cfg-core/1.0.6/cfg-core-1.0.6.jar
7f8501cc3000-7f8501cc5000 r--s 00003000 08:05 10226530                   /pub/users/samsonov/.m2/repository/ru/rb/bars-utils/bars-utils-core/1.0.7/bars-utils-core-1.0.7.jar
7f8501cc5000-7f8501cc9000 r--s 00037000 08:05 11156547                   /pub/users/samsonov/.m2/repository/org/antlr/ST4/4.0.8/ST4-4.0.8.jar
7f8501cc9000-7f8501ccc000 r--s 00026000 08:05 11156549                   /pub/users/samsonov/.m2/repository/org/antlr/antlr-runtime/3.5.2/antlr-runtime-3.5.2.jar
7f8501ccc000-7f8501cd6000 r--s 00110000 08:05 11156551                   /pub/users/samsonov/.m2/repository/org/antlr/antlr/3.5.2/antlr-3.5.2.jar
7f8501cd6000-7f8501cd8000 r--s 0000c000 08:25 5749316                    /pub3/samsonov/RB/Unic/git/BarsGL_Online/barsgl/barsgl-common/target/barsgl-common-3.0.18-SNAPSHOT.jar
7f8501cd8000-7f8501ce5000 r--s 00083000 08:05 11152798                   /pub/users/samsonov/.m2/repository/commons-collections/commons-collections/3.2.2/commons-collections-3.2.2.jar
7f8501ce5000-7f8501ce7000 r--s 0000e000 08:05 11156545                   /pub/users/samsonov/.m2/repository/commons-logging/commons-logging/1.2/commons-logging-1.2.jar
7f8501ce7000-7f8501cec000 r--s 00038000 08:05 11156544                   /pub/users/samsonov/.m2/repository/commons-beanutils/commons-beanutils/1.9.3/commons-beanutils-1.9.3.jar
7f8501cec000-7f8501cee000 r--s 00003000 08:25 5750085                    /pub3/samsonov/RB/Unic/git/BarsGL_Online/barsgl/security/security-jpa/target/security-jpa-1.0.0.jar
7f8501cee000-7f8501cef000 r--s 00002000 08:25 5749983                    /pub3/samsonov/RB/Unic/git/BarsGL_Online/barsgl/barsgl-ejbparent/barsgl-audit/target/barsgl-audit-3.0.18-SNAPSHOT.jar
7f8501cef000-7f8501cf0000 r--s 00004000 08:25 5742710                    /pub3/samsonov/RB/Unic/git/BarsGL_Online/barsgl/barsgl-ejbparent/barsgl-bankjar/target/barsgl-bankjar-3.0.18-SNAPSHOT.jar
7f8501cf0000-7f8501cfd000 r--s 000f7000 08:25 5750021                    /pub3/samsonov/RB/Unic/git/BarsGL_Online/barsgl/barsgl-ejbparent/barsgl-ejb/target/barsgl-ejb-3.0.18-SNAPSHOT.jar
7f8501cfd000-7f8501d00000 r--s 0000e000 08:25 5750003                    /pub3/samsonov/RB/Unic/git/BarsGL_Online/barsgl/barsgl-gwt/barsgl-gwt-server/target/barsgl-gwt-server-3.0.18-SNAPSHOT.jar
7f8501d00000-7f8501d07000 r--s 0003f000 08:05 11146101                   /pub/users/samsonov/.m2/repository/commons-codec/commons-codec/1.10/commons-codec-1.10.jar
7f8501d07000-7f8501d32000 r--s 001fc000 08:05 11956063                   /pub/users/samsonov/.m2/repository/com/google/guava/guava/18.0/guava-18.0.jar
7f8501d32000-7f8501d39000 r--s 00064000 08:05 11156520                   /pub/users/samsonov/.m2/repository/org/apache/commons/commons-lang3/3.4/commons-lang3-3.4.jar
7f8501d39000-7f8501d42000 r--s 0006f000 08:05 11147618                   /pub/users/samsonov/.m2/repository/log4j/log4j/1.2.17/log4j-1.2.17.jar
7f8501d42000-7f8501d44000 r--s 0000e000 08:05 11141956                   /pub/users/samsonov/.m2/repository/javax/activation/activation/1.1/activation-1.1.jar
7f8501d44000-7f8501d4c000 r--s 00078000 08:05 11435701                   /pub/users/samsonov/.m2/repository/com/sun/mail/javax.mail/1.5.0/javax.mail-1.5.0.jar
7f8501d4c000-7f8501d80000 r--s 001a4000 08:05 11435700                   /pub/users/samsonov/.m2/repository/javax/javaee-api/7.0/javaee-api-7.0.jar
7f8501d80000-7f8501d82000 r--s 00007000 08:25 5753698                    /pub3/samsonov/RB/Unic/git/BarsGL_Online/barsgl/rbt-ejbcore/target/rbt-ejbcore-1.0.0.jar
7f8501d82000-7f8501d86000 r--s 0001a000 08:25 5749242                    /pub3/samsonov/RB/Unic/git/BarsGL_Online/barsgl/barsgl-ejbparent/barsgl-ejb-core/target/barsgl-ejb-core-3.0.18-SNAPSHOT.jar
7f8501d86000-7f8501d88000 r--s 0000a000 08:05 11033359                   /pub/users/samsonov/.m2/repository/org/json/json/20090211/json-20090211.jar
7f8501d88000-7f8501d8a000 r--s 0000e000 08:05 11142151                   /pub/users/samsonov/.m2/repository/javax/validation/validation-api/1.0.0.GA/validation-api-1.0.0.GA-sources.jar
7f8501d8a000-7f8501d8d000 r--s 00009000 08:05 11142153                   /pub/users/samsonov/.m2/repository/javax/validation/validation-api/1.0.0.GA/validation-api-1.0.0.GA.jar
7f8501d8d000-7f8501e43000 r--s 00818000 08:05 11158422                   /pub/users/samsonov/.m2/repository/com/google/gwt/gwt-servlet/2.6.0/gwt-servlet-2.6.0.jar
7f8501e43000-7f8501e46000 ---p 00000000 00:00 0 
7f8501e46000-7f8501f96000 rw-p 00000000 00:00 0 
7f8501f96000-7f850219e000 r--s 02421000 08:05 11033374                   /pub/users/samsonov/.m2/repository/com/google/gwt/gwt-dev/2.6.1/gwt-dev-2.6.1.jar
7f850219e000-7f85021c6000 rw-p 00000000 00:00 0 
7f85021c6000-7f85022cc000 r--s 01aac000 08:05 11033357                   /pub/users/samsonov/.m2/repository/com/google/gwt/gwt-user/2.6.1/gwt-user-2.6.1.jar
7f85022cc000-7f85022cd000 ---p 00000000 00:00 0 
7f85022cd000-7f85023cd000 rw-p 00000000 00:00 0 
7f85023cd000-7f85023d0000 ---p 00000000 00:00 0 
7f85023d0000-7f85024ce000 rw-p 00000000 00:00 0 
7f85024ce000-7f85024d1000 ---p 00000000 00:00 0 
7f85024d1000-7f85025cf000 rw-p 00000000 00:00 0 
7f85025cf000-7f85025d2000 ---p 00000000 00:00 0 
7f85025d2000-7f85026d0000 rw-p 00000000 00:00 0 
7f85026d0000-7f85026d3000 ---p 00000000 00:00 0 
7f85026d3000-7f85027d1000 rw-p 00000000 00:00 0 
7f85027d1000-7f85027d4000 ---p 00000000 00:00 0 
7f85027d4000-7f85028d2000 rw-p 00000000 00:00 0 
7f85028d2000-7f8502920000 r--p 00000000 08:22 419005                     /usr/lib/locale/ru_RU.utf8/LC_CTYPE
7f8502920000-7f8502a50000 r--p 00000000 08:22 402314                     /usr/lib/locale/ru_RU.utf8/LC_COLLATE
7f8502a50000-7f8502a53000 ---p 00000000 00:00 0 
7f8502a53000-7f8502b51000 rw-p 00000000 00:00 0 
7f8502b51000-7f8502b54000 ---p 00000000 00:00 0 
7f8502b54000-7f8502c52000 rw-p 00000000 00:00 0 
7f8502c52000-7f8502c53000 ---p 00000000 00:00 0 
7f8502c53000-7f8503d56000 rw-p 00000000 00:00 0 
7f8503d56000-7f8503f2f000 r--s 03d40000 08:23 36938                      /opt/jdk1.8.0_131/jre/lib/rt.jar
7f8503f2f000-7f8504000000 rw-p 00000000 00:00 0 
7f8504000000-7f8504021000 rw-p 00000000 00:00 0 
7f8504021000-7f8508000000 ---p 00000000 00:00 0 
7f8508000000-7f8509000000 rw-p 00000000 00:00 0 
7f8509000000-7f850b0e0000 rwxp 00000000 00:00 0 
7f850b0e0000-7f8518000000 ---p 00000000 00:00 0 
7f8518000000-7f8518bec000 rw-p 00000000 00:00 0 
7f8518bec000-7f851c000000 ---p 00000000 00:00 0 
7f851c000000-7f851c001000 r--s 00002000 08:25 5748510                    /pub3/samsonov/RB/Unic/git/BarsGL_Online/barsgl/barsgl-gwt/barsgl-gwt-serverutil/target/barsgl-gwt-serverutil-3.0.18-SNAPSHOT.jar
7f851c001000-7f851c005000 r--s 00014000 08:25 5748558                    /pub3/samsonov/RB/Unic/git/BarsGL_Online/barsgl/barsgl-shared/target/barsgl-shared-3.0.18-SNAPSHOT.jar
7f851c005000-7f851c00a000 r--s 0002a000 08:25 5749271                    /pub3/samsonov/RB/Unic/git/BarsGL_Online/barsgl/barsgl-gwt/barsgl-gwt-core/target/barsgl-gwt-core-3.0.18-SNAPSHOT.jar
7f851c00a000-7f851c00b000 r--p 00000000 08:22 533262                     /usr/lib/locale/ru_RU.utf8/LC_NUMERIC
7f851c00b000-7f851c00c000 r--p 00000000 08:22 537381                     /usr/lib/locale/ru_RU.utf8/LC_TIME
7f851c00c000-7f851c00d000 r--p 00000000 08:22 527016                     /usr/lib/locale/ru_RU.utf8/LC_MONETARY
7f851c00d000-7f851c00e000 r--p 00000000 08:22 527247                     /usr/lib/locale/ru_RU.utf8/LC_MESSAGES/SYS_LC_MESSAGES
7f851c00e000-7f851c015000 r--s 00000000 08:22 1342928                    /usr/lib64/gconv/gconv-modules.cache
7f851c015000-7f851c93d000 rw-p 00000000 00:00 0 
7f851c93d000-7f851c93e000 ---p 00000000 00:00 0 
7f851c93e000-7f851ca3e000 rw-p 00000000 00:00 0 
7f851ca3e000-7f851ca3f000 ---p 00000000 00:00 0 
7f851ca3f000-7f851cb3f000 rw-p 00000000 00:00 0 
7f851cb3f000-7f851cb40000 ---p 00000000 00:00 0 
7f851cb40000-7f851cc40000 rw-p 00000000 00:00 0 
7f851cc40000-7f851cc41000 ---p 00000000 00:00 0 
7f851cc41000-7f851cdab000 rw-p 00000000 00:00 0 
7f851cdab000-7f851cdeb000 ---p 00000000 00:00 0 
7f851cdeb000-7f851ce41000 rw-p 00000000 00:00 0 
7f851ce41000-7f851cec6000 rw-p 00000000 00:00 0 
7f851cec6000-7f851d202000 ---p 00000000 00:00 0 
7f851d202000-7f851d21c000 r-xp 00000000 08:23 37101                      /opt/jdk1.8.0_131/jre/lib/amd64/libzip.so
7f851d21c000-7f851d41c000 ---p 0001a000 08:23 37101                      /opt/jdk1.8.0_131/jre/lib/amd64/libzip.so
7f851d41c000-7f851d41d000 rw-p 0001a000 08:23 37101                      /opt/jdk1.8.0_131/jre/lib/amd64/libzip.so
7f851d41d000-7f851d448000 r-xp 00000000 08:23 37095                      /opt/jdk1.8.0_131/jre/lib/amd64/libjava.so
7f851d448000-7f851d647000 ---p 0002b000 08:23 37095                      /opt/jdk1.8.0_131/jre/lib/amd64/libjava.so
7f851d647000-7f851d649000 rw-p 0002a000 08:23 37095                      /opt/jdk1.8.0_131/jre/lib/amd64/libjava.so
7f851d649000-7f851d656000 r-xp 00000000 08:23 37100                      /opt/jdk1.8.0_131/jre/lib/amd64/libverify.so
7f851d656000-7f851d855000 ---p 0000d000 08:23 37100                      /opt/jdk1.8.0_131/jre/lib/amd64/libverify.so
7f851d855000-7f851d857000 rw-p 0000c000 08:23 37100                      /opt/jdk1.8.0_131/jre/lib/amd64/libverify.so
7f851d857000-7f851d85e000 r-xp 00000000 08:22 284585                     /lib64/librt-2.25.so
7f851d85e000-7f851da5d000 ---p 00007000 08:22 284585                     /lib64/librt-2.25.so
7f851da5d000-7f851da5e000 r--p 00006000 08:22 284585                     /lib64/librt-2.25.so
7f851da5e000-7f851da5f000 rw-p 00007000 08:22 284585                     /lib64/librt-2.25.so
7f851da5f000-7f851db71000 r-xp 00000000 08:22 277357                     /lib64/libm-2.25.so
7f851db71000-7f851dd70000 ---p 00112000 08:22 277357                     /lib64/libm-2.25.so
7f851dd70000-7f851dd71000 r--p 00111000 08:22 277357                     /lib64/libm-2.25.so
7f851dd71000-7f851dd72000 rw-p 00112000 08:22 277357                     /lib64/libm-2.25.so
7f851dd72000-7f851ea41000 r-xp 00000000 08:23 37078                      /opt/jdk1.8.0_131/jre/lib/amd64/server/libjvm.so
7f851ea41000-7f851ec41000 ---p 00ccf000 08:23 37078                      /opt/jdk1.8.0_131/jre/lib/amd64/server/libjvm.so
7f851ec41000-7f851ed1a000 rw-p 00ccf000 08:23 37078                      /opt/jdk1.8.0_131/jre/lib/amd64/server/libjvm.so
7f851ed1a000-7f851ed65000 rw-p 00000000 00:00 0 
7f851ed65000-7f851ef01000 r-xp 00000000 08:22 276629                     /lib64/libc-2.25.so
7f851ef01000-7f851f100000 ---p 0019c000 08:22 276629                     /lib64/libc-2.25.so
7f851f100000-7f851f104000 r--p 0019b000 08:22 276629                     /lib64/libc-2.25.so
7f851f104000-7f851f106000 rw-p 0019f000 08:22 276629                     /lib64/libc-2.25.so
7f851f106000-7f851f10a000 rw-p 00000000 00:00 0 
7f851f10a000-7f851f10d000 r-xp 00000000 08:22 277347                     /lib64/libdl-2.25.so
7f851f10d000-7f851f30c000 ---p 00003000 08:22 277347                     /lib64/libdl-2.25.so
7f851f30c000-7f851f30d000 r--p 00002000 08:22 277347                     /lib64/libdl-2.25.so
7f851f30d000-7f851f30e000 rw-p 00003000 08:22 277347                     /lib64/libdl-2.25.so
7f851f30e000-7f851f323000 r-xp 00000000 08:23 37074                      /opt/jdk1.8.0_131/jre/lib/amd64/jli/libjli.so
7f851f323000-7f851f523000 ---p 00015000 08:23 37074                      /opt/jdk1.8.0_131/jre/lib/amd64/jli/libjli.so
7f851f523000-7f851f524000 rw-p 00015000 08:23 37074                      /opt/jdk1.8.0_131/jre/lib/amd64/jli/libjli.so
7f851f524000-7f851f53d000 r-xp 00000000 08:22 284583                     /lib64/libpthread-2.25.so
7f851f53d000-7f851f73c000 ---p 00019000 08:22 284583                     /lib64/libpthread-2.25.so
7f851f73c000-7f851f73d000 r--p 00018000 08:22 284583                     /lib64/libpthread-2.25.so
7f851f73d000-7f851f73e000 rw-p 00019000 08:22 284583                     /lib64/libpthread-2.25.so
7f851f73e000-7f851f742000 rw-p 00000000 00:00 0 
7f851f742000-7f851f766000 r-xp 00000000 08:22 273139                     /lib64/ld-2.25.so
7f851f766000-7f851f767000 r--p 00000000 08:22 419008                     /usr/lib/locale/ru_RU.utf8/LC_PAPER
7f851f767000-7f851f768000 r--p 00000000 08:22 401710                     /usr/lib/locale/ru_RU.utf8/LC_NAME
7f851f768000-7f851f769000 r--p 00000000 08:22 526239                     /usr/lib/locale/ru_RU.utf8/LC_ADDRESS
7f851f769000-7f851f7dd000 rw-p 00000000 00:00 0 
7f851f7dd000-7f851f81e000 ---p 00000000 00:00 0 
7f851f81e000-7f851f826000 rw-s 00000000 08:26 15204                      /tmp/hsperfdata_samsonov/24159
7f851f826000-7f851f829000 ---p 00000000 00:00 0 
7f851f829000-7f851f929000 rw-p 00000000 00:00 0 
7f851f929000-7f851f92a000 r--p 00000000 08:22 533263                     /usr/lib/locale/ru_RU.utf8/LC_TELEPHONE
7f851f92a000-7f851f92b000 r--p 00000000 08:22 426882                     /usr/lib/locale/ru_RU.utf8/LC_MEASUREMENT
7f851f92b000-7f851f92c000 r--p 00000000 08:22 537371                     /usr/lib/locale/ru_RU.utf8/LC_IDENTIFICATION
7f851f92c000-7f851f961000 r--s 00000000 08:22 1180757                    /var/lib/nscd/passwd
7f851f961000-7f851f962000 rw-p 00000000 00:00 0 
7f851f962000-7f851f963000 ---p 00000000 00:00 0 
7f851f963000-7f851f965000 rw-p 00000000 00:00 0 
7f851f965000-7f851f966000 r--p 00023000 08:22 273139                     /lib64/ld-2.25.so
7f851f966000-7f851f968000 rw-p 00024000 08:22 273139                     /lib64/ld-2.25.so
7ffe2800f000-7ffe28032000 rw-p 00000000 00:00 0                          [stack]
7ffe2816c000-7ffe2816e000 r--p 00000000 00:00 0                          [vvar]
7ffe2816e000-7ffe28170000 r-xp 00000000 00:00 0                          [vdso]
ffffffffff600000-ffffffffff601000 r-xp 00000000 00:00 0                  [vsyscall]

VM Arguments:
jvm_args: -Xmx512m 
java_command: com.google.gwt.dev.Compiler -logLevel INFO -style OBF -war /pub3/samsonov/RB/Unic/git/BarsGL_Online/barsgl/barsgl-gwt/barsgl-gwt-client/target/barsgl-gwt-client-3.0.18-SNAPSHOT -localWorkers 4 -XfragmentCount -1 -sourceLevel auto -gen /pub3/samsonov/RB/Unic/git/BarsGL_Online/barsgl/barsgl-gwt/barsgl-gwt-client/target/.generated ru.rbt.barsgl.gwt.BarsGLClient
java_class_path (initial): /pub/users/samsonov/.m2/repository/com/google/gwt/gwt-user/2.6.1/gwt-user-2.6.1.jar:/pub/users/samsonov/.m2/repository/com/google/gwt/gwt-dev/2.6.1/gwt-dev-2.6.1.jar:/pub3/samsonov/RB/Unic/git/BarsGL_Online/barsgl/barsgl-gwt/barsgl-gwt-client/target/classes:/pub3/samsonov/RB/Unic/git/BarsGL_Online/barsgl/barsgl-gwt/barsgl-gwt-client/src/main/java:/pub3/samsonov/RB/Unic/git/BarsGL_Online/barsgl/barsgl-gwt/barsgl-gwt-client/target/generated-sources/java-templates:/pub3/samsonov/RB/Unic/git/BarsGL_Online/barsgl/barsgl-gwt/barsgl-gwt-client/target/generated-sources/annotations:/pub/users/samsonov/.m2/repository/com/google/gwt/gwt-servlet/2.6.0/gwt-servlet-2.6.0.jar:/pub3/samsonov/RB/Unic/git/BarsGL_Online/barsgl/barsgl-gwt/barsgl-gwt-core/target/barsgl-gwt-core-3.0.18-SNAPSHOT.jar:/pub3/samsonov/RB/Unic/git/BarsGL_Online/barsgl/barsgl-shared/target/barsgl-shared-3.0.18-SNAPSHOT.jar:/pub/users/samsonov/.m2/repository/com/google/gwt/gwt-user/2.6.1/gwt-user-2.6.1.jar:/pub/users/samsonov/.m2/repository/javax/validation/validation-api/1.0.0.GA/validation-api-1.0.0.GA.jar:/pub/users/samsonov/.m2/repository/javax/validation/validation-api/1.0.0.GA/validation-api-1.0.0.GA-sources.jar:/pub/users/samsonov/.m2/repository/org/json/json/20090211/json-20090211.jar:/pub3/samsonov/RB/Unic/git/BarsGL_Online/barsgl/barsgl-ejbparent/barsgl-ejb-core/target/barsgl-ejb-core-3.0.18-SNAPSHOT.jar:/pub3/samsonov/RB/Unic/git/BarsGL_Online/barsgl/rbt-ejbcore/target/rbt-ejbcore-1.0.0.jar:/pub/users/samsonov/.m2/repository/javax/javaee-api/7.0/javaee-api-7.0.jar:/pub/users/samsonov/.m2/repository/com/sun/mail/javax.mail/1.5.0/javax.mail-1.5.0.jar:/pub/users/samsonov/.m2/repository/javax/activation/activation/1.1/activation-1.1.jar:/pub/users/samsonov/.m2/repository/log4j/log4j/1.2.17/log4j-1.2.17.jar:/pub/users/samsonov/.m2/repository/org/apache/commons/commons-lang3/3.4/commons-lang3-3.4.jar:/pub/users/samsonov/.m2/repository/com/google/guava/guava/18.0/guava-18.0.jar:/
Launcher Type: SUN_STANDARD

Environment Variables:
JAVA_HOME=/opt/jdk1.8.0
JRE_HOME=/usr/lib64/jvm/java/jre
PATH=/pub/users/samsonov/bin:/usr/local/bin:/usr/bin:/bin
LD_LIBRARY_PATH=/opt/jdk1.8.0/jre/lib/amd64:/opt/jdk1.8.0/jre/lib/i386:
SHELL=/bin/bash
DISPLAY=:0
HOSTTYPE=x86_64
OSTYPE=linux
MACHTYPE=x86_64-suse-linux

Signal Handlers:
SIGSEGV: [libjvm.so+0xac8af0], sa_mask[0]=11111111011111111101111111111110, sa_flags=SA_RESTART|SA_SIGINFO
SIGBUS: [libjvm.so+0xac8af0], sa_mask[0]=11111111011111111101111111111110, sa_flags=SA_RESTART|SA_SIGINFO
SIGFPE: [libjvm.so+0x921dd0], sa_mask[0]=11111111011111111101111111111110, sa_flags=SA_RESTART|SA_SIGINFO
SIGPIPE: [libjvm.so+0x921dd0], sa_mask[0]=11111111011111111101111111111110, sa_flags=SA_RESTART|SA_SIGINFO
SIGXFSZ: [libjvm.so+0x921dd0], sa_mask[0]=11111111011111111101111111111110, sa_flags=SA_RESTART|SA_SIGINFO
SIGILL: [libjvm.so+0x921dd0], sa_mask[0]=11111111011111111101111111111110, sa_flags=SA_RESTART|SA_SIGINFO
SIGUSR1: SIG_DFL, sa_mask[0]=00000000000000000000000000000000, sa_flags=none
SIGUSR2: [libjvm.so+0x923610], sa_mask[0]=00100000000000000000000000000000, sa_flags=SA_RESTART|SA_SIGINFO
SIGHUP: [libjvm.so+0x924a10], sa_mask[0]=11111111011111111101111111111110, sa_flags=SA_RESTART|SA_SIGINFO
SIGINT: SIG_IGN, sa_mask[0]=00000000000000000000000000000000, sa_flags=none
SIGTERM: [libjvm.so+0x924a10], sa_mask[0]=11111111011111111101111111111110, sa_flags=SA_RESTART|SA_SIGINFO
SIGQUIT: [libjvm.so+0x924a10], sa_mask[0]=11111111011111111101111111111110, sa_flags=SA_RESTART|SA_SIGINFO


---------------  S Y S T E M  ---------------

OS:LSB_VERSION="core-2.0-noarch:core-3.2-noarch:core-4.0-noarch:core-2.0-x86_64:core-3.2-x86_64:core-4.0-x86_64"
DISTRIB_ID="openSUSE Tumbleweed"
DISTRIB_RELEASE="20170213"
DISTRIB_CODENAME=""
DISTRIB_DESCRIPTION="openSUSE Tumbleweed"

uname:Linux 4.10.9-1-default #1 SMP PREEMPT Sat Apr 8 15:30:03 UTC 2017 (195f937) x86_64
libc:glibc 2.25 NPTL 2.25 
rlimit: STACK 8192k, CORE 0k, NPROC 31881, NOFILE 10240, AS infinity
load average:27,15 14,06 7,13

/proc/meminfo:
MemTotal:        8174596 kB
MemFree:          122128 kB
MemAvailable:      18088 kB
Buffers:             376 kB
Cached:           295176 kB
SwapCached:         1212 kB
Active:          6425248 kB
Inactive:         929444 kB
Active(anon):    6414456 kB
Inactive(anon):   918208 kB
Active(file):      10792 kB
Inactive(file):    11236 kB
Unevictable:         144 kB
Mlocked:             144 kB
SwapTotal:       2100216 kB
SwapFree:              0 kB
Dirty:               120 kB
Writeback:             0 kB
AnonPages:       7059212 kB
Mapped:           129444 kB
Shmem:            272832 kB
Slab:             104976 kB
SReclaimable:      41756 kB
SUnreclaim:        63220 kB
KernelStack:       11488 kB
PageTables:        67424 kB
NFS_Unstable:          0 kB
Bounce:                0 kB
WritebackTmp:          0 kB
CommitLimit:     6187512 kB
Committed_AS:   14625684 kB
VmallocTotal:   34359738367 kB
VmallocUsed:           0 kB
VmallocChunk:          0 kB
HardwareCorrupted:     0 kB
AnonHugePages:   1220608 kB
ShmemHugePages:        0 kB
ShmemPmdMapped:        0 kB
HugePages_Total:       0
HugePages_Free:        0
HugePages_Rsvd:        0
HugePages_Surp:        0
Hugepagesize:       2048 kB
DirectMap4k:     4707840 kB
DirectMap2M:     3680256 kB


CPU:total 4 (initial active 4) (4 cores per cpu, 1 threads per core) family 6 model 23 stepping 7, cmov, cx8, fxsr, mmx, sse, sse2, sse3, ssse3, sse4.1, tsc

/proc/cpuinfo:
processor	: 0
vendor_id	: GenuineIntel
cpu family	: 6
model		: 23
model name	: Intel(R) Core(TM)2 Quad  CPU   Q9450  @ 2.66GHz
stepping	: 7
microcode	: 0x70a
cpu MHz		: 3199.940
cache size	: 6144 KB
physical id	: 0
siblings	: 4
core id		: 0
cpu cores	: 4
apicid		: 0
initial apicid	: 0
fpu		: yes
fpu_exception	: yes
cpuid level	: 10
wp		: yes
flags		: fpu vme de pse tsc msr pae mce cx8 apic sep mtrr pge mca cmov pat pse36 clflush dts acpi mmx fxsr sse sse2 ss ht tm pbe syscall nx lm constant_tsc arch_perfmon pebs bts rep_good nopl aperfmperf pni dtes64 monitor ds_cpl vmx smx est tm2 ssse3 cx16 xtpr pdcm sse4_1 lahf_lm tpr_shadow vnmi flexpriority dtherm
bugs		:
bogomips	: 6399.88
clflush size	: 64
cache_alignment	: 64
address sizes	: 36 bits physical, 48 bits virtual
power management:

processor	: 1
vendor_id	: GenuineIntel
cpu family	: 6
model		: 23
model name	: Intel(R) Core(TM)2 Quad  CPU   Q9450  @ 2.66GHz
stepping	: 7
microcode	: 0x70a
cpu MHz		: 3199.940
cache size	: 6144 KB
physical id	: 0
siblings	: 4
core id		: 1
cpu cores	: 4
apicid		: 1
initial apicid	: 1
fpu		: yes
fpu_exception	: yes
cpuid level	: 10
wp		: yes
flags		: fpu vme de pse tsc msr pae mce cx8 apic sep mtrr pge mca cmov pat pse36 clflush dts acpi mmx fxsr sse sse2 ss ht tm pbe syscall nx lm constant_tsc arch_perfmon pebs bts rep_good nopl aperfmperf pni dtes64 monitor ds_cpl vmx smx est tm2 ssse3 cx16 xtpr pdcm sse4_1 lahf_lm tpr_shadow vnmi flexpriority dtherm
bugs		:
bogomips	: 6399.94
clflush size	: 64
cache_alignment	: 64
address sizes	: 36 bits physical, 48 bits virtual
power management:

processor	: 2
vendor_id	: GenuineIntel
cpu family	: 6
model		: 23
model name	: Intel(R) Core(TM)2 Quad  CPU   Q9450  @ 2.66GHz
stepping	: 7
microcode	: 0x70a
cpu MHz		: 3199.940
cache size	: 6144 KB
physical id	: 0
siblings	: 4
core id		: 2
cpu cores	: 4
apicid		: 2
initial apicid	: 2
fpu		: yes
fpu_exception	: yes
cpuid level	: 10
wp		: yes
flags		: fpu vme de pse tsc msr pae mce cx8 apic sep mtrr pge mca cmov pat pse36 clflush dts acpi mmx fxsr sse sse2 ss ht tm pbe syscall nx lm constant_tsc arch_perfmon pebs bts rep_good nopl aperfmperf pni dtes64 monitor ds_cpl vmx smx est tm2 ssse3 cx16 xtpr pdcm sse4_1 lahf_lm tpr_shadow vnmi flexpriority dtherm
bugs		:
bogomips	: 6399.96
clflush size	: 64
cache_alignment	: 64
address sizes	: 36 bits physical, 48 bits virtual
power management:

processor	: 3
vendor_id	: GenuineIntel
cpu family	: 6
model		: 23
model name	: Intel(R) Core(TM)2 Quad  CPU   Q9450  @ 2.66GHz
stepping	: 7
microcode	: 0x70a
cpu MHz		: 3199.940
cache size	: 6144 KB
physical id	: 0
siblings	: 4
core id		: 3
cpu cores	: 4
apicid		: 3
initial apicid	: 3
fpu		: yes
fpu_exception	: yes
cpuid level	: 10
wp		: yes
flags		: fpu vme de pse tsc msr pae mce cx8 apic sep mtrr pge mca cmov pat pse36 clflush dts acpi mmx fxsr sse sse2 ss ht tm pbe syscall nx lm constant_tsc arch_perfmon pebs bts rep_good nopl aperfmperf pni dtes64 monitor ds_cpl vmx smx est tm2 ssse3 cx16 xtpr pdcm sse4_1 lahf_lm tpr_shadow vnmi flexpriority dtherm
bugs		:
bogomips	: 6399.93
clflush size	: 64
cache_alignment	: 64
address sizes	: 36 bits physical, 48 bits virtual
power management:



Memory: 4k page, physical 8174596k(124336k free), swap 2100216k(0k free)

vm_info: Java HotSpot(TM) 64-Bit Server VM (25.131-b11) for linux-amd64 JRE (1.8.0_131-b11), built on Mar 15 2017 01:23:40 by "java_re" with gcc 4.3.0 20080428 (Red Hat 4.3.0-8)

time: Wed Apr 19 09:54:56 2017
elapsed time: 101 seconds (0d 0h 1m 41s)

